<?xml version="1.0" encoding="UTF-8"?>
<testsuites name="Mocha Tests" time="42.001" tests="1" failures="0">
  <testsuite name="Root Suite" timestamp="2025-02-24T09:52:20" tests="0" file="cypress/e2e/proxy/proxy.cy.js" time="0.000" failures="0">
  </testsuite>
  <testsuite name="Create proxy" timestamp="2025-02-24T09:52:20" tests="1" time="41.993" failures="0">
    <testcase name="Create proxy Register a poroxy" time="39.085" classname="Register a poroxy">
    </testcase>
  </testsuite>
</testsuites>